/home/jn/.conda/envs/pytorch-3/lib/python2.7/site-packages/torchvision/transforms/transforms.py:188: UserWarning: The use of the transforms.Scale transform is deprecated, please use transforms.Resize instead.
  "please use transforms.Resize instead.")
There are 2 parameter groups
Initial base params lr: 0.000010
Initial vision params lr: 0.000000
=> loading checkpoint '/home/jn/code-pytorch/im2re-pytor-jn-NEW/im2recipe-Pytorch-master/baseline/snapshots/model_e220_v-4.700.pth.tar'
=> loaded checkpoint '/home/jn/code-pytorch/im2re-pytor-jn-NEW/im2recipe-Pytorch-master/baseline/snapshots/model_e220_v-4.700.pth.tar' (epoch 220)
Training loader prepared.
Validation loader prepared.
train.py:204: UserWarning: invalid index of a 0-dim tensor. This will be an error in PyTorch 0.5. Use tensor.item() to convert a 0-dim tensor to a Python number
  cos_losses.update(cos_loss.data[0], input[0].size(0))
train.py:205: UserWarning: invalid index of a 0-dim tensor. This will be an error in PyTorch 0.5. Use tensor.item() to convert a 0-dim tensor to a Python number
  img_losses.update(img_loss.data[0], input[0].size(0))
train.py:206: UserWarning: invalid index of a 0-dim tensor. This will be an error in PyTorch 0.5. Use tensor.item() to convert a 0-dim tensor to a Python number
  rec_losses.update(rec_loss.data[0], input[0].size(0))
Epoch: 220	cos loss 0.0514 (0.1135)	img Loss 6.8696 (7.4577)	rec loss 6.4778 (5.7184)	vision (0.0) - recipe (1e-05)	
train.py:264: UserWarning: volatile was removed and now has no effect. Use `with torch.no_grad():` instead.
  input_var.append(torch.autograd.Variable(input[j], volatile=True).cuda())
train.py:268: UserWarning: volatile was removed and now has no effect. Use `with torch.no_grad():` instead.
  target_var.append(torch.autograd.Variable(target[j], volatile=True))
* Val medR 387.4500	Recall {1: 0.008299999999999998, 10: 0.038900000000000004, 5: 0.0253}
** Validation: 387.450000 (best) - 0 (valtrack)
Epoch: 221	cos loss 0.0065 (0.0272)	img Loss 7.3666 (7.2276)	rec loss 6.3234 (6.2819)	vision (0.0) - recipe (1e-05)	
Epoch: 222	cos loss 0.0176 (0.0194)	img Loss 7.0546 (7.0993)	rec loss 6.0232 (5.9179)	vision (0.0) - recipe (1e-05)	
Epoch: 223	cos loss 0.0528 (0.0155)	img Loss 6.8282 (6.9951)	rec loss 5.3561 (5.7040)	vision (0.0) - recipe (1e-05)	
Epoch: 224	cos loss 0.0109 (0.0148)	img Loss 6.8322 (6.9390)	rec loss 5.3163 (5.5462)	vision (0.0) - recipe (1e-05)	
Epoch: 225	cos loss 0.0050 (0.0134)	img Loss 6.8892 (6.8669)	rec loss 6.1565 (5.4262)	vision (0.0) - recipe (1e-05)	
Epoch: 226	cos loss 0.0110 (0.0130)	img Loss 6.8191 (6.8306)	rec loss 4.8076 (5.3363)	vision (0.0) - recipe (1e-05)	
Epoch: 227	cos loss 0.0153 (0.0116)	img Loss 6.8629 (6.7853)	rec loss 5.4734 (5.2667)	vision (0.0) - recipe (1e-05)	
Epoch: 228	cos loss 0.0247 (0.0114)	img Loss 6.0416 (6.7648)	rec loss 4.8740 (5.2084)	vision (0.0) - recipe (1e-05)	
Epoch: 229	cos loss 0.0078 (0.0106)	img Loss 6.5068 (6.7352)	rec loss 5.4258 (5.1677)	vision (0.0) - recipe (1e-05)	
* Val medR 259.3500	Recall {1: 0.028000000000000004, 10: 0.101, 5: 0.06939999999999999}
** Validation: 259.350000 (best) - 0 (valtrack)
Epoch: 230	cos loss 0.0057 (0.0107)	img Loss 6.5192 (6.7146)	rec loss 5.5413 (5.1378)	vision (0.0) - recipe (1e-05)	
Epoch: 231	cos loss 0.0106 (0.0105)	img Loss 6.5389 (6.6997)	rec loss 4.7810 (5.1012)	vision (0.0) - recipe (1e-05)	
Epoch: 232	cos loss 0.0056 (0.0102)	img Loss 6.7120 (6.6831)	rec loss 5.0787 (5.0763)	vision (0.0) - recipe (1e-05)	
Epoch: 233	cos loss 0.0060 (0.0100)	img Loss 6.4309 (6.6768)	rec loss 5.9019 (5.0537)	vision (0.0) - recipe (1e-05)	
Epoch: 234	cos loss 0.0063 (0.0100)	img Loss 6.6137 (6.6620)	rec loss 5.0152 (5.0265)	vision (0.0) - recipe (1e-05)	
Epoch: 235	cos loss 0.0105 (0.0096)	img Loss 6.7560 (6.6527)	rec loss 4.5276 (5.0146)	vision (0.0) - recipe (1e-05)	
Epoch: 236	cos loss 0.0068 (0.0096)	img Loss 6.8167 (6.6408)	rec loss 5.2921 (4.9967)	vision (0.0) - recipe (1e-05)	
Epoch: 237	cos loss 0.0098 (0.0098)	img Loss 6.6264 (6.6370)	rec loss 5.0053 (4.9737)	vision (0.0) - recipe (1e-05)	
Epoch: 238	cos loss 0.0062 (0.0093)	img Loss 6.7020 (6.6253)	rec loss 4.8257 (4.9535)	vision (0.0) - recipe (1e-05)	
Epoch: 239	cos loss 0.0102 (0.0094)	img Loss 6.7018 (6.6248)	rec loss 5.3652 (4.9405)	vision (0.0) - recipe (1e-05)	
* Val medR 178.0000	Recall {1: 0.038, 10: 0.1426, 5: 0.10149999999999999}
** Validation: 178.000000 (best) - 0 (valtrack)
Epoch: 240	cos loss 0.0118 (0.0094)	img Loss 6.6673 (6.6133)	rec loss 5.2477 (4.9301)	vision (0.0) - recipe (1e-05)	
Epoch: 241	cos loss 0.0074 (0.0095)	img Loss 6.6884 (6.6058)	rec loss 4.8931 (4.9193)	vision (0.0) - recipe (1e-05)	
Epoch: 242	cos loss 0.0077 (0.0093)	img Loss 6.3119 (6.6091)	rec loss 5.3361 (4.8949)	vision (0.0) - recipe (1e-05)	
Epoch: 243	cos loss 0.0097 (0.0093)	img Loss 6.7690 (6.5998)	rec loss 5.3412 (4.8862)	vision (0.0) - recipe (1e-05)	
Epoch: 244	cos loss 0.0159 (0.0093)	img Loss 6.6993 (6.5917)	rec loss 4.9265 (4.8846)	vision (0.0) - recipe (1e-05)	
Epoch: 245	cos loss 0.0092 (0.0093)	img Loss 6.8831 (6.5837)	rec loss 5.0367 (4.8698)	vision (0.0) - recipe (1e-05)	
Epoch: 246	cos loss 0.0127 (0.0094)	img Loss 6.5627 (6.5868)	rec loss 4.7214 (4.8586)	vision (0.0) - recipe (1e-05)	
Epoch: 247	cos loss 0.0104 (0.0093)	img Loss 6.3781 (6.5858)	rec loss 4.8429 (4.8526)	vision (0.0) - recipe (1e-05)	
Epoch: 248	cos loss 0.0109 (0.0095)	img Loss 6.8095 (6.5800)	rec loss 5.6963 (4.8329)	vision (0.0) - recipe (1e-05)	
Epoch: 249	cos loss 0.0164 (0.0094)	img Loss 6.3636 (6.5738)	rec loss 4.3413 (4.8238)	vision (0.0) - recipe (1e-05)	
* Val medR 142.8500	Recall {1: 0.04179999999999999, 10: 0.15109999999999998, 5: 0.10740000000000001}
** Validation: 142.850000 (best) - 0 (valtrack)
Epoch: 250	cos loss 0.0102 (0.0094)	img Loss 6.2590 (6.5709)	rec loss 4.3157 (4.8147)	vision (0.0) - recipe (1e-05)	
Epoch: 251	cos loss 0.0050 (0.0093)	img Loss 6.4737 (6.5723)	rec loss 4.4019 (4.8003)	vision (0.0) - recipe (1e-05)	
Epoch: 252	cos loss 0.0100 (0.0094)	img Loss 6.5634 (6.5669)	rec loss 4.9981 (4.8006)	vision (0.0) - recipe (1e-05)	
Epoch: 253	cos loss 0.0057 (0.0093)	img Loss 6.6387 (6.5607)	rec loss 4.7501 (4.7876)	vision (0.0) - recipe (1e-05)	
Epoch: 254	cos loss 0.0112 (0.0093)	img Loss 6.6780 (6.5581)	rec loss 4.8084 (4.7908)	vision (0.0) - recipe (1e-05)	
Epoch: 255	cos loss 0.0065 (0.0094)	img Loss 6.3589 (6.5573)	rec loss 4.6679 (4.7718)	vision (0.0) - recipe (1e-05)	
Epoch: 256	cos loss 0.0095 (0.0094)	img Loss 6.9512 (6.5547)	rec loss 5.7290 (4.7631)	vision (0.0) - recipe (1e-05)	
Epoch: 257	cos loss 0.0143 (0.0094)	img Loss 5.9613 (6.5531)	rec loss 4.5491 (4.7525)	vision (0.0) - recipe (1e-05)	
Epoch: 258	cos loss 0.0121 (0.0095)	img Loss 6.5144 (6.5477)	rec loss 4.7504 (4.7446)	vision (0.0) - recipe (1e-05)	
Epoch: 259	cos loss 0.0073 (0.0094)	img Loss 6.6514 (6.5480)	rec loss 4.5354 (4.7436)	vision (0.0) - recipe (1e-05)	
* Val medR 155.6000	Recall {1: 0.028000000000000004, 10: 0.12309999999999999, 5: 0.08349999999999999}
Initial base params lr: 0.000000
Initial vision lr: 0.000010
** Validation: 142.850000 (best) - 0 (valtrack)
Epoch: 260	cos loss 0.0088 (0.0090)	img Loss 6.6240 (6.5481)	rec loss 5.3613 (4.7467)	vision (1e-05) - recipe (0.0)	
Epoch: 261	cos loss 0.0113 (0.0088)	img Loss 6.5875 (6.4628)	rec loss 4.6991 (4.7465)	vision (1e-05) - recipe (0.0)	
Epoch: 262	cos loss 0.0120 (0.0082)	img Loss 5.9726 (6.3996)	rec loss 4.7458 (4.7466)	vision (1e-05) - recipe (0.0)	
Epoch: 263	cos loss 0.0086 (0.0080)	img Loss 6.2459 (6.3557)	rec loss 5.6735 (4.7468)	vision (1e-05) - recipe (0.0)	
Epoch: 264	cos loss 0.0070 (0.0076)	img Loss 6.4134 (6.2989)	rec loss 5.2529 (4.7468)	vision (1e-05) - recipe (0.0)	
Epoch: 265	cos loss 0.0107 (0.0074)	img Loss 5.6272 (6.2641)	rec loss 4.4758 (4.7468)	vision (1e-05) - recipe (0.0)	
Epoch: 266	cos loss 0.0053 (0.0072)	img Loss 6.0826 (6.2298)	rec loss 4.5021 (4.7465)	vision (1e-05) - recipe (0.0)	
Epoch: 267	cos loss 0.0132 (0.0070)	img Loss 6.0626 (6.2175)	rec loss 4.5787 (4.7467)	vision (1e-05) - recipe (0.0)	
Epoch: 268	cos loss 0.0357 (0.0070)	img Loss 6.3589 (6.1953)	rec loss 4.9636 (4.7469)	vision (1e-05) - recipe (0.0)	
Epoch: 269	cos loss 0.0096 (0.0069)	img Loss 6.1452 (6.1749)	rec loss 5.0036 (4.7467)	vision (1e-05) - recipe (0.0)	
* Val medR 11.2000	Recall {1: 0.1647, 10: 0.4897, 5: 0.38239999999999996}
** Validation: 11.200000 (best) - 0 (valtrack)
Epoch: 270	cos loss 0.0095 (0.0067)	img Loss 6.3777 (6.1527)	rec loss 4.4423 (4.7464)	vision (1e-05) - recipe (0.0)	
Epoch: 271	cos loss 0.0035 (0.0066)	img Loss 6.7554 (6.1528)	rec loss 4.7327 (4.7466)	vision (1e-05) - recipe (0.0)	
Epoch: 272	cos loss 0.0104 (0.0065)	img Loss 5.7876 (6.1318)	rec loss 5.2569 (4.7464)	vision (1e-05) - recipe (0.0)	
Epoch: 273	cos loss 0.0147 (0.0064)	img Loss 5.7651 (6.1155)	rec loss 5.1018 (4.7472)	vision (1e-05) - recipe (0.0)	
Epoch: 274	cos loss 0.0078 (0.0065)	img Loss 6.3659 (6.1102)	rec loss 4.8949 (4.7468)	vision (1e-05) - recipe (0.0)	
Epoch: 275	cos loss 0.0057 (0.0064)	img Loss 6.3158 (6.1030)	rec loss 4.4436 (4.7467)	vision (1e-05) - recipe (0.0)	
Epoch: 276	cos loss 0.0059 (0.0064)	img Loss 6.0489 (6.0870)	rec loss 4.9885 (4.7468)	vision (1e-05) - recipe (0.0)	
Epoch: 277	cos loss 0.0064 (0.0062)	img Loss 6.5167 (6.0824)	rec loss 5.1623 (4.7465)	vision (1e-05) - recipe (0.0)	
Epoch: 278	cos loss 0.0059 (0.0060)	img Loss 6.0225 (6.0713)	rec loss 4.7385 (4.7466)	vision (1e-05) - recipe (0.0)	
Epoch: 279	cos loss 0.0044 (0.0060)	img Loss 6.0135 (6.0614)	rec loss 4.7186 (4.7465)	vision (1e-05) - recipe (0.0)	
* Val medR 8.4000	Recall {1: 0.17239999999999997, 10: 0.5395000000000001, 5: 0.41980000000000006}
** Validation: 8.400000 (best) - 0 (valtrack)
Epoch: 280	cos loss 0.0055 (0.0059)	img Loss 6.1921 (6.0444)	rec loss 4.1025 (4.7466)	vision (1e-05) - recipe (0.0)	
Epoch: 281	cos loss 0.0131 (0.0058)	img Loss 5.3854 (6.0244)	rec loss 3.7802 (4.7466)	vision (1e-05) - recipe (0.0)	
Epoch: 282	cos loss 0.0046 (0.0058)	img Loss 6.3969 (6.0210)	rec loss 4.4592 (4.7466)	vision (1e-05) - recipe (0.0)	
Epoch: 283	cos loss 0.0098 (0.0057)	img Loss 6.0841 (6.0123)	rec loss 4.6606 (4.7461)	vision (1e-05) - recipe (0.0)	
Epoch: 284	cos loss 0.0060 (0.0057)	img Loss 5.4826 (6.0083)	rec loss 4.4909 (4.7468)	vision (1e-05) - recipe (0.0)	
Epoch: 285	cos loss 0.0085 (0.0056)	img Loss 5.7197 (5.9970)	rec loss 4.3235 (4.7468)	vision (1e-05) - recipe (0.0)	
Epoch: 286	cos loss 0.0047 (0.0056)	img Loss 6.3480 (5.9953)	rec loss 5.3521 (4.7470)	vision (1e-05) - recipe (0.0)	
Epoch: 287	cos loss 0.0045 (0.0056)	img Loss 6.0071 (5.9862)	rec loss 5.1521 (4.7468)	vision (1e-05) - recipe (0.0)	
Epoch: 288	cos loss 0.0046 (0.0057)	img Loss 6.1361 (5.9781)	rec loss 4.5931 (4.7471)	vision (1e-05) - recipe (0.0)	
Epoch: 289	cos loss 0.0078 (0.0056)	img Loss 6.1038 (5.9735)	rec loss 5.3537 (4.7471)	vision (1e-05) - recipe (0.0)	
* Val medR 8.8000	Recall {1: 0.1694, 10: 0.5323, 5: 0.4077}
** Validation: 8.400000 (best) - 1 (valtrack)
Epoch: 290	cos loss 0.0050 (0.0056)	img Loss 6.2854 (5.9659)	rec loss 5.2015 (4.7465)	vision (1e-05) - recipe (0.0)	
Epoch: 291	cos loss 0.0040 (0.0056)	img Loss 6.1939 (5.9634)	rec loss 4.7865 (4.7464)	vision (1e-05) - recipe (0.0)	
Epoch: 292	cos loss 0.0047 (0.0055)	img Loss 5.7015 (5.9580)	rec loss 4.6104 (4.7463)	vision (1e-05) - recipe (0.0)	
Epoch: 293	cos loss 0.0048 (0.0055)	img Loss 6.4372 (5.9517)	rec loss 4.9336 (4.7470)	vision (1e-05) - recipe (0.0)	
Epoch: 294	cos loss 0.0058 (0.0054)	img Loss 5.6343 (5.9533)	rec loss 4.8390 (4.7465)	vision (1e-05) - recipe (0.0)	
Epoch: 295	cos loss 0.0047 (0.0055)	img Loss 6.4415 (5.9411)	rec loss 4.8225 (4.7469)	vision (1e-05) - recipe (0.0)	
Epoch: 296	cos loss 0.0021 (0.0054)	img Loss 6.6770 (5.9402)	rec loss 4.6877 (4.7467)	vision (1e-05) - recipe (0.0)	
Epoch: 297	cos loss 0.0043 (0.0054)	img Loss 6.3416 (5.9337)	rec loss 4.8612 (4.7465)	vision (1e-05) - recipe (0.0)	
Epoch: 298	cos loss 0.0069 (0.0054)	img Loss 5.5861 (5.9342)	rec loss 4.7948 (4.7465)	vision (1e-05) - recipe (0.0)	
Epoch: 299	cos loss 0.0087 (0.0054)	img Loss 5.7544 (5.9285)	rec loss 5.0176 (4.7468)	vision (1e-05) - recipe (0.0)	
* Val medR 10.0000	Recall {1: 0.16560000000000002, 10: 0.5111000000000001, 5: 0.3881}
** Validation: 8.400000 (best) - 2 (valtrack)
Epoch: 300	cos loss 0.0076 (0.0054)	img Loss 5.5696 (5.9182)	rec loss 4.8325 (4.7469)	vision (1e-05) - recipe (0.0)	
Epoch: 301	cos loss 0.0046 (0.0054)	img Loss 6.3060 (5.9192)	rec loss 4.4735 (4.7463)	vision (1e-05) - recipe (0.0)	
Epoch: 302	cos loss 0.0073 (0.0053)	img Loss 5.2605 (5.9170)	rec loss 4.3707 (4.7468)	vision (1e-05) - recipe (0.0)	
Epoch: 303	cos loss 0.0067 (0.0053)	img Loss 5.8905 (5.9126)	rec loss 5.3252 (4.7467)	vision (1e-05) - recipe (0.0)	
Epoch: 304	cos loss 0.0052 (0.0053)	img Loss 5.8515 (5.9099)	rec loss 4.6170 (4.7466)	vision (1e-05) - recipe (0.0)	
Epoch: 305	cos loss 0.0067 (0.0053)	img Loss 5.7123 (5.9012)	rec loss 4.7810 (4.7466)	vision (1e-05) - recipe (0.0)	
Epoch: 306	cos loss 0.0022 (0.0053)	img Loss 6.4401 (5.8975)	rec loss 4.9352 (4.7463)	vision (1e-05) - recipe (0.0)	
Epoch: 307	cos loss 0.0053 (0.0053)	img Loss 5.8041 (5.9021)	rec loss 4.7890 (4.7461)	vision (1e-05) - recipe (0.0)	
Epoch: 308	cos loss 0.0060 (0.0053)	img Loss 5.3253 (5.8945)	rec loss 4.0938 (4.7461)	vision (1e-05) - recipe (0.0)	
Epoch: 309	cos loss 0.0043 (0.0052)	img Loss 5.6049 (5.8795)	rec loss 4.5570 (4.7469)	vision (1e-05) - recipe (0.0)	
* Val medR 9.7000	Recall {1: 0.1678, 10: 0.5138, 5: 0.3967}
Initial base params lr: 0.000010
Initial vision lr: 0.000000
** Validation: 8.400000 (best) - 0 (valtrack)
Epoch: 310	cos loss 0.0061 (0.0115)	img Loss 6.2615 (5.6732)	rec loss 3.6081 (3.7957)	vision (0.0) - recipe (1e-05)	
Epoch: 311	cos loss 0.0204 (0.0127)	img Loss 5.0547 (5.6057)	rec loss 3.6911 (3.6255)	vision (0.0) - recipe (1e-05)	
Epoch: 312	cos loss 0.0139 (0.0128)	img Loss 4.9737 (5.5906)	rec loss 3.1386 (3.5815)	vision (0.0) - recipe (1e-05)	
Epoch: 313	cos loss 0.0131 (0.0129)	img Loss 5.4838 (5.5631)	rec loss 3.7149 (3.5477)	vision (0.0) - recipe (1e-05)	
Epoch: 314	cos loss 0.0074 (0.0130)	img Loss 5.1676 (5.5497)	rec loss 3.6314 (3.5269)	vision (0.0) - recipe (1e-05)	
Epoch: 315	cos loss 0.0107 (0.0130)	img Loss 4.9571 (5.5366)	rec loss 3.2748 (3.5058)	vision (0.0) - recipe (1e-05)	
Epoch: 316	cos loss 0.0239 (0.0129)	img Loss 5.6490 (5.5336)	rec loss 3.2730 (3.4924)	vision (0.0) - recipe (1e-05)	
Epoch: 317	cos loss 0.0070 (0.0129)	img Loss 5.9233 (5.5323)	rec loss 4.4532 (3.4699)	vision (0.0) - recipe (1e-05)	
Epoch: 318	cos loss 0.0140 (0.0130)	img Loss 5.1324 (5.5289)	rec loss 3.3233 (3.4577)	vision (0.0) - recipe (1e-05)	
Epoch: 319	cos loss 0.0145 (0.0130)	img Loss 5.5975 (5.5209)	rec loss 3.6170 (3.4461)	vision (0.0) - recipe (1e-05)	
* Val medR 6.4000	Recall {1: 0.20800000000000002, 10: 0.5921999999999998, 5: 0.46790000000000004}
** Validation: 6.400000 (best) - 0 (valtrack)
Epoch: 320	cos loss 0.0126 (0.0129)	img Loss 5.4516 (5.5146)	rec loss 3.5000 (3.4302)	vision (0.0) - recipe (1e-05)	
Epoch: 321	cos loss 0.0141 (0.0130)	img Loss 4.9782 (5.5074)	rec loss 3.1318 (3.4174)	vision (0.0) - recipe (1e-05)	
Epoch: 322	cos loss 0.0169 (0.0130)	img Loss 4.8179 (5.5083)	rec loss 2.9248 (3.4029)	vision (0.0) - recipe (1e-05)	
Epoch: 323	cos loss 0.0127 (0.0130)	img Loss 5.9651 (5.4974)	rec loss 3.8106 (3.4047)	vision (0.0) - recipe (1e-05)	
Epoch: 324	cos loss 0.0201 (0.0130)	img Loss 5.4838 (5.4955)	rec loss 3.6724 (3.3904)	vision (0.0) - recipe (1e-05)	
Epoch: 325	cos loss 0.0130 (0.0129)	img Loss 5.1911 (5.4948)	rec loss 2.9475 (3.3756)	vision (0.0) - recipe (1e-05)	
Epoch: 326	cos loss 0.0102 (0.0131)	img Loss 4.9857 (5.4860)	rec loss 2.9258 (3.3642)	vision (0.0) - recipe (1e-05)	
Epoch: 327	cos loss 0.0206 (0.0131)	img Loss 4.9467 (5.4826)	rec loss 3.1188 (3.3466)	vision (0.0) - recipe (1e-05)	
Epoch: 328	cos loss 0.0143 (0.0131)	img Loss 4.7466 (5.4764)	rec loss 3.0104 (3.3406)	vision (0.0) - recipe (1e-05)	
Epoch: 329	cos loss 0.0224 (0.0130)	img Loss 5.0152 (5.4689)	rec loss 3.2451 (3.3248)	vision (0.0) - recipe (1e-05)	
* Val medR 6.4500	Recall {1: 0.2097, 10: 0.5966, 5: 0.4716}
** Validation: 6.400000 (best) - 1 (valtrack)
Epoch: 330	cos loss 0.0238 (0.0130)	img Loss 5.5069 (5.4735)	rec loss 3.4386 (3.3205)	vision (0.0) - recipe (1e-05)	
Epoch: 331	cos loss 0.0215 (0.0129)	img Loss 5.2218 (5.4713)	rec loss 3.1536 (3.3174)	vision (0.0) - recipe (1e-05)	
Epoch: 332	cos loss 0.0187 (0.0130)	img Loss 5.5294 (5.4703)	rec loss 3.4473 (3.3004)	vision (0.0) - recipe (1e-05)	
Epoch: 333	cos loss 0.0098 (0.0130)	img Loss 5.6154 (5.4649)	rec loss 3.5202 (3.2988)	vision (0.0) - recipe (1e-05)	
Epoch: 334	cos loss 0.0107 (0.0131)	img Loss 5.7468 (5.4566)	rec loss 3.6516 (3.2835)	vision (0.0) - recipe (1e-05)	
Epoch: 335	cos loss 0.0089 (0.0130)	img Loss 6.4865 (5.4659)	rec loss 3.7807 (3.2764)	vision (0.0) - recipe (1e-05)	
Epoch: 336	cos loss 0.0185 (0.0130)	img Loss 6.3303 (5.4572)	rec loss 3.7592 (3.2718)	vision (0.0) - recipe (1e-05)	
Epoch: 337	cos loss 0.0179 (0.0129)	img Loss 5.5560 (5.4560)	rec loss 3.6457 (3.2535)	vision (0.0) - recipe (1e-05)	
Epoch: 338	cos loss 0.0148 (0.0129)	img Loss 6.1080 (5.4622)	rec loss 3.6571 (3.2521)	vision (0.0) - recipe (1e-05)	
Epoch: 339	cos loss 0.0221 (0.0130)	img Loss 4.9265 (5.4509)	rec loss 3.2784 (3.2434)	vision (0.0) - recipe (1e-05)	
* Val medR 6.2000	Recall {1: 0.2082, 10: 0.5984999999999999, 5: 0.47280000000000005}
** Validation: 6.200000 (best) - 0 (valtrack)
Epoch: 340	cos loss 0.0224 (0.0130)	img Loss 5.3768 (5.4614)	rec loss 2.9714 (3.2395)	vision (0.0) - recipe (1e-05)	
Epoch: 341	cos loss 0.0189 (0.0130)	img Loss 4.4359 (5.4528)	rec loss 2.6074 (3.2294)	vision (0.0) - recipe (1e-05)	
Epoch: 342	cos loss 0.0211 (0.0131)	img Loss 6.0195 (5.4476)	rec loss 4.0404 (3.2168)	vision (0.0) - recipe (1e-05)	
Epoch: 343	cos loss 0.0173 (0.0130)	img Loss 5.6373 (5.4491)	rec loss 3.9692 (3.2072)	vision (0.0) - recipe (1e-05)	
Epoch: 344	cos loss 0.0206 (0.0130)	img Loss 5.2038 (5.4444)	rec loss 3.5750 (3.2014)	vision (0.0) - recipe (1e-05)	
Epoch: 345	cos loss 0.0196 (0.0131)	img Loss 5.1000 (5.4421)	rec loss 2.8784 (3.1955)	vision (0.0) - recipe (1e-05)	
Epoch: 346	cos loss 0.0159 (0.0130)	img Loss 4.8447 (5.4284)	rec loss 3.4215 (3.1813)	vision (0.0) - recipe (1e-05)	
Epoch: 347	cos loss 0.0190 (0.0130)	img Loss 4.9676 (5.4419)	rec loss 2.3912 (3.1804)	vision (0.0) - recipe (1e-05)	
Epoch: 348	cos loss 0.0098 (0.0130)	img Loss 4.8663 (5.4272)	rec loss 3.1938 (3.1731)	vision (0.0) - recipe (1e-05)	
Epoch: 349	cos loss 0.0224 (0.0130)	img Loss 4.8181 (5.4372)	rec loss 2.6344 (3.1635)	vision (0.0) - recipe (1e-05)	
* Val medR 6.5500	Recall {1: 0.2069, 10: 0.5958, 5: 0.46929999999999994}
** Validation: 6.200000 (best) - 1 (valtrack)
Epoch: 350	cos loss 0.0133 (0.0130)	img Loss 5.3572 (5.4260)	rec loss 3.4440 (3.1595)	vision (0.0) - recipe (1e-05)	
Epoch: 351	cos loss 0.0120 (0.0130)	img Loss 5.3182 (5.4225)	rec loss 3.3177 (3.1533)	vision (0.0) - recipe (1e-05)	
Epoch: 352	cos loss 0.0087 (0.0131)	img Loss 6.0814 (5.4199)	rec loss 3.2803 (3.1380)	vision (0.0) - recipe (1e-05)	
